Unity Editor version:    2022.3.11f1 (d00248457e15)
Branch:                  2022.3/staging
Build type:              Release
Batch mode:              YES
System name:             Linux
Distro version:          #37~22.04.1-Ubuntu SMP PREEMPT_DYNAMIC Mon Oct  9 15:34:04 UTC 2
Kernel version:          6.2.0-36-generic
Architecture:            x86_64
Available memory:        23859 MB
Using pre-set license
Pro License: YES
Desktop is 3840 x 1080 @ 60 Hz
Initialize udev device monitor.

COMMAND LINE ARGUMENTS:
Unity
-adb2
-batchMode
-noUpm
-name
AssetImportWorker0
-projectPath
/home/umpreto/Downloads/apocalipse-zumbi-alura
-logFile
Logs/AssetImportWorker0.log
-srvPort
32909
Successfully changed project path to: /home/umpreto/Downloads/apocalipse-zumbi-alura
/home/umpreto/Downloads/apocalipse-zumbi-alura
[UnityMemory] Configuration Parameters - Can be set up in boot.config
    "memorysetup-bucket-allocator-granularity=16"
    "memorysetup-bucket-allocator-bucket-count=8"
    "memorysetup-bucket-allocator-block-size=33554432"
    "memorysetup-bucket-allocator-block-count=8"
    "memorysetup-main-allocator-block-size=16777216"
    "memorysetup-thread-allocator-block-size=16777216"
    "memorysetup-gfx-main-allocator-block-size=16777216"
    "memorysetup-gfx-thread-allocator-block-size=16777216"
    "memorysetup-cache-allocator-block-size=4194304"
    "memorysetup-typetree-allocator-block-size=2097152"
    "memorysetup-profiler-bucket-allocator-granularity=16"
    "memorysetup-profiler-bucket-allocator-bucket-count=8"
    "memorysetup-profiler-bucket-allocator-block-size=33554432"
    "memorysetup-profiler-bucket-allocator-block-count=8"
    "memorysetup-profiler-allocator-block-size=16777216"
    "memorysetup-profiler-editor-allocator-block-size=1048576"
    "memorysetup-temp-allocator-size-main=16777216"
    "memorysetup-job-temp-allocator-block-size=2097152"
    "memorysetup-job-temp-allocator-block-size-background=1048576"
    "memorysetup-job-temp-allocator-reduction-small-platforms=262144"
    "memorysetup-allocator-temp-initial-block-size-main=262144"
    "memorysetup-allocator-temp-initial-block-size-worker=262144"
    "memorysetup-temp-allocator-size-background-worker=32768"
    "memorysetup-temp-allocator-size-job-worker=262144"
    "memorysetup-temp-allocator-size-preload-manager=33554432"
    "memorysetup-temp-allocator-size-nav-mesh-worker=65536"
    "memorysetup-temp-allocator-size-audio-worker=65536"
    "memorysetup-temp-allocator-size-cloud-worker=32768"
    "memorysetup-temp-allocator-size-gi-baking-worker=262144"
    "memorysetup-temp-allocator-size-gfx=262144"
Player connection [139727368246208] Host "[IP] 192.168.3.20 [Port] 0 [Flags] 2 [Guid] 394679691 [EditorId] 394679691 [Version] 1048832 [Id] LinuxEditor(16,192.168.3.20) [Debug] 1 [PackageName] LinuxEditor [ProjectName] Editor" joined multi-casting on [225.0.0.222:54997]...

Player connection [139727368246208] Host "[IP] 192.168.3.20 [Port] 0 [Flags] 2 [Guid] 394679691 [EditorId] 394679691 [Version] 1048832 [Id] LinuxEditor(16,192.168.3.20) [Debug] 1 [PackageName] LinuxEditor [ProjectName] Editor" joined alternative multi-casting on [225.0.0.222:34997]...

[Physics::Module] Initialized MultithreadedJobDispatcher with 11 workers.
Refreshing native plugins compatible for Editor in 0.00 ms, found 0 plugins.
Preloading 0 native plugins for Editor in 0.00 ms.
Initialize engine version: 2022.3.11f1 (d00248457e15)
[Subsystems] Discovering subsystems at path /home/umpreto/Unity/Hub/Editor/2022.3.11f1/Editor/Data/Resources/UnitySubsystems
[Subsystems] Discovering subsystems at path /home/umpreto/Downloads/apocalipse-zumbi-alura/Assets
GLX Extensions: GLX_ARB_context_flush_control GLX_ARB_create_context GLX_ARB_create_context_no_error GLX_ARB_create_context_profile GLX_ARB_create_context_robustness GLX_ARB_fbconfig_float GLX_ARB_framebuffer_sRGB GLX_ARB_get_proc_address GLX_ARB_multisample GLX_EXT_buffer_age GLX_EXT_create_context_es2_profile GLX_EXT_create_context_es_profile GLX_EXT_fbconfig_packed_float GLX_EXT_framebuffer_sRGB GLX_EXT_no_config_context GLX_EXT_swap_control GLX_EXT_swap_control_tear GLX_EXT_texture_from_pixmap GLX_EXT_visual_info GLX_EXT_visual_rating GLX_MESA_copy_sub_buffer GLX_MESA_query_renderer GLX_MESA_swap_control GLX_OML_swap_method GLX_OML_sync_control GLX_SGIS_multisample GLX_SGIX_fbconfig GLX_SGIX_pbuffer GLX_SGIX_visual_select_group GLX_SGI_make_current_read GLX_SGI_video_sync 
Renderer: Mesa Intel(R) UHD Graphics 630 (CFL GT2)
Vendor:   Intel
Version:  4.6 (Core Profile) Mesa 23.0.4-0ubuntu1~22.04.1
GLES:     0
 GL_3DFX_texture_compression_FXT1 GL_AMD_conservative_depth GL_AMD_depth_clamp_separate GL_AMD_draw_buffers_blend GL_AMD_gpu_shader_int64 GL_AMD_multi_draw_indirect GL_AMD_performance_monitor GL_AMD_pinned_memory GL_AMD_query_buffer_object GL_AMD_seamless_cubemap_per_texture GL_AMD_shader_stencil_export GL_AMD_shader_trinary_minmax GL_AMD_texture_texture4 GL_AMD_vertex_shader_layer GL_AMD_vertex_shader_viewport_index GL_ANGLE_texture_compression_dxt3 GL_ANGLE_texture_compression_dxt5 GL_ARB_ES2_compatibility GL_ARB_ES3_1_compatibility GL_ARB_ES3_2_compatibility GL_ARB_ES3_compatibility GL_ARB_arrays_of_arrays GL_ARB_base_instance GL_ARB_blend_func_extended GL_ARB_buffer_storage GL_ARB_clear_buffer_object GL_ARB_clear_texture GL_ARB_clip_control GL_ARB_compressed_texture_pixel_storage GL_ARB_compute_shader GL_ARB_compute_variable_group_size GL_ARB_conditional_render_inverted GL_ARB_conservative_depth GL_ARB_copy_buffer GL_ARB_copy_image GL_ARB_cull_distance GL_ARB_debug_output GL_ARB_depth_buffer_float GL_ARB
_depth_clamp GL_ARB_derivative_control GL_ARB_direct_state_access GL_ARB_draw_buffers GL_ARB_draw_buffers_blend GL_ARB_draw_elements_base_vertex GL_ARB_draw_indirect GL_ARB_draw_instanced GL_ARB_enhanced_layouts GL_ARB_explicit_attrib_location GL_ARB_explicit_uniform_location GL_ARB_fragment_coord_conventions GL_ARB_fragment_layer_viewport GL_ARB_fragment_shader GL_ARB_fragment_shader_interlock GL_ARB_framebuffer_no_attachments GL_ARB_framebuffer_object GL_ARB_framebuffer_sRGB GL_ARB_get_program_binary GL_ARB_get_texture_sub_image GL_ARB_gl_spirv GL_ARB_gpu_shader5 GL_ARB_gpu_shader_fp64 GL_ARB_gpu_shader_int64 GL_ARB_half_float_pixel GL_ARB_half_float_vertex GL_ARB_indirect_parameters GL_ARB_instanced_arrays GL_ARB_internalformat_query GL_ARB_internalformat_query2 GL_ARB_invalidate_subdata GL_ARB_map_buffer_alignment GL_ARB_map_buffer_range GL_ARB_multi_bind GL_ARB_multi_draw_indirect GL_ARB_occlusion_query2 GL_ARB_parallel_shader_compile GL_ARB_pipeline_statistics_query GL_ARB_pixel_buffer_object GL_ARB_po
int_sprite GL_ARB_polygon_offset_clamp GL_ARB_post_depth_coverage GL_ARB_program_interface_query GL_ARB_provoking_vertex GL_ARB_query_buffer_object GL_ARB_robust_buffer_access_behavior GL_ARB_robustness GL_ARB_sample_shading GL_ARB_sampler_objects GL_ARB_seamless_cube_map GL_ARB_seamless_cubemap_per_texture GL_ARB_separate_shader_objects GL_ARB_shader_atomic_counter_ops GL_ARB_shader_atomic_counters GL_ARB_shader_ballot GL_ARB_shader_bit_encoding GL_ARB_shader_clock GL_ARB_shader_draw_parameters GL_ARB_shader_group_vote GL_ARB_shader_image_load_store GL_ARB_shader_image_size GL_ARB_shader_objects GL_ARB_shader_precision GL_ARB_shader_stencil_export GL_ARB_shader_storage_buffer_object GL_ARB_shader_subroutine GL_ARB_shader_texture_image_samples GL_ARB_shader_texture_lod GL_ARB_shader_viewport_layer_array GL_ARB_shading_language_420pack GL_ARB_shading_language_include GL_ARB_shading_language_packing GL_ARB_spirv_extensions GL_ARB_stencil_texturing GL_ARB_sync GL_ARB_tessellation_shader GL_ARB_texture_barrier G
L_ARB_texture_buffer_object GL_ARB_texture_buffer_object_rgb32 GL_ARB_texture_buffer_range GL_ARB_texture_compression_bptc GL_ARB_texture_compression_rgtc GL_ARB_texture_cube_map_array GL_ARB_texture_filter_anisotropic GL_ARB_texture_float GL_ARB_texture_gather GL_ARB_texture_mirror_clamp_to_edge GL_ARB_texture_multisample GL_ARB_texture_non_power_of_two GL_ARB_texture_query_levels GL_ARB_texture_query_lod GL_ARB_texture_rectangle GL_ARB_texture_rg GL_ARB_texture_rgb10_a2ui GL_ARB_texture_stencil8 GL_ARB_texture_storage GL_ARB_texture_storage_multisample GL_ARB_texture_swizzle GL_ARB_texture_view GL_ARB_timer_query GL_ARB_transform_feedback2 GL_ARB_transform_feedback3 GL_ARB_transform_feedback_instanced GL_ARB_transform_feedback_overflow_query GL_ARB_uniform_buffer_object GL_ARB_vertex_array_bgra GL_ARB_vertex_array_object GL_ARB_vertex_attrib_64bit GL_ARB_vertex_attrib_binding GL_ARB_vertex_buffer_object GL_ARB_vertex_shader GL_ARB_vertex_type_10f_11f_11f_rev GL_ARB_vertex_type_2_10_10_10_rev GL_ARB_viewpor
t_array GL_ATI_blend_equation_separate GL_ATI_texture_float GL_EXT_EGL_image_storage GL_EXT_EGL_sync GL_EXT_abgr GL_EXT_blend_equation_separate GL_EXT_debug_label GL_EXT_demote_to_helper_invocation GL_EXT_draw_buffers2 GL_EXT_draw_instanced GL_EXT_framebuffer_blit GL_EXT_framebuffer_multisample GL_EXT_framebuffer_multisample_blit_scaled GL_EXT_framebuffer_object GL_EXT_framebuffer_sRGB GL_EXT_memory_object GL_EXT_memory_object_fd GL_EXT_packed_depth_stencil GL_EXT_packed_float GL_EXT_pixel_buffer_object GL_EXT_polygon_offset_clamp GL_EXT_provoking_vertex GL_EXT_semaphore GL_EXT_semaphore_fd GL_EXT_shader_framebuffer_fetch GL_EXT_shader_framebuffer_fetch_non_coherent GL_EXT_shader_integer_mix GL_EXT_shader_samples_identical GL_EXT_texture_array GL_EXT_texture_compression_dxt1 GL_EXT_texture_compression_rgtc GL_EXT_texture_compression_s3tc GL_EXT_texture_filter_anisotropic GL_EXT_texture_integer GL_EXT_texture_sRGB GL_EXT_texture_sRGB_R8 GL_EXT_texture_sRGB_decode GL_EXT_texture_shadow_lod GL_EXT_texture_share
d_exponent GL_EXT_texture_snorm GL_EXT_texture_swizzle GL_EXT_timer_query GL_EXT_transform_feedback GL_EXT_vertex_array_bgra GL_EXT_vertex_attrib_64bit GL_IBM_multimode_draw_arrays GL_INTEL_blackhole_render GL_INTEL_conservative_rasterization GL_INTEL_performance_query GL_INTEL_shader_atomic_float_minmax GL_INTEL_shader_integer_functions2 GL_KHR_blend_equation_advanced GL_KHR_blend_equation_advanced_coherent GL_KHR_context_flush_control GL_KHR_debug GL_KHR_no_error GL_KHR_parallel_shader_compile GL_KHR_robust_buffer_access_behavior GL_KHR_robustness GL_KHR_texture_compression_astc_ldr GL_KHR_texture_compression_astc_sliced_3d GL_MESA_framebuffer_flip_y GL_MESA_pack_invert GL_MESA_shader_integer_functions GL_MESA_texture_signed_rgba GL_NV_alpha_to_coverage_dither_control GL_NV_compute_shader_derivatives GL_NV_conditional_render GL_NV_copy_image GL_NV_depth_clamp GL_NV_fragment_shader_interlock GL_NV_packed_depth_stencil GL_NV_texture_barrier GL_OES_EGL_image GL_S3_s3tc
OPENGL LOG: Creating OpenGL 4.6 graphics device ; Context level  <OpenGL 4.5> ; Context handle 1937092112
Initialize mono
Mono path[0] = '/home/umpreto/Unity/Hub/Editor/2022.3.11f1/Editor/Data/Managed'
Mono path[1] = '/home/umpreto/Unity/Hub/Editor/2022.3.11f1/Editor/Data/MonoBleedingEdge/lib/mono/unityjit-linux'
Mono config path = '/home/umpreto/Unity/Hub/Editor/2022.3.11f1/Editor/Data/MonoBleedingEdge/etc'
Using monoOptions --debugger-agent=transport=dt_socket,embedding=1,server=y,suspend=n,address=127.0.0.1:56463
Begin MonoManager ReloadAssembly
Registering precompiled unity dll's ...
Register platform support module: /home/umpreto/Unity/Hub/Editor/2022.3.11f1/Editor/Data/PlaybackEngines/LinuxStandaloneSupport/UnityEditor.LinuxStandalone.Extensions.dll
Registered in 0.008376 seconds.
- Loaded All Assemblies, in  0.317 seconds
Native extension for LinuxStandalone target not found
Mono: successfully reloaded assembly
- Finished resetting the current domain, in  0.292 seconds
Domain Reload Profiling: 609ms
	BeginReloadAssembly (75ms)
		ExecutionOrderSort (0ms)
		DisableScriptedObjects (0ms)
		BackupInstance (0ms)
		ReleaseScriptingObjects (0ms)
		CreateAndSetChildDomain (1ms)
	RebuildCommonClasses (35ms)
	RebuildNativeTypeToScriptingClass (8ms)
	initialDomainReloadingComplete (63ms)
	LoadAllAssembliesAndSetupDomain (135ms)
		LoadAssemblies (74ms)
		RebuildTransferFunctionScriptingTraits (0ms)
		AnalyzeDomain (134ms)
			TypeCache.Refresh (132ms)
				TypeCache.ScanAssembly (119ms)
			ScanForSourceGeneratedMonoScriptInfo (0ms)
			ResolveRequiredComponents (0ms)
	FinalizeReload (293ms)
		ReleaseScriptCaches (0ms)
		RebuildScriptCaches (0ms)
		SetupLoadedEditorAssemblies (228ms)
			LogAssemblyErrors (0ms)
			InitializePlatformSupportModulesInManaged (9ms)
			SetLoadedEditorAssemblies (7ms)
			RefreshPlugins (0ms)
			BeforeProcessingInitializeOnLoad (2ms)
			ProcessInitializeOnLoadAttributes (146ms)
			ProcessInitializeOnLoadMethodAttributes (63ms)
			AfterProcessingInitializeOnLoad (0ms)
			EditorAssembliesLoaded (0ms)
		ExecutionOrderSort2 (0ms)
		AwakeInstancesAfterBackupRestoration (0ms)
========================================================================
Worker process is ready to serve import requests
Begin MonoManager ReloadAssembly
- Loaded All Assemblies, in  0.196 seconds
Refreshing native plugins compatible for Editor in 0.00 ms, found 0 plugins.
Native extension for LinuxStandalone target not found
Mono: successfully reloaded assembly
- Finished resetting the current domain, in  0.327 seconds
Domain Reload Profiling: 524ms
	BeginReloadAssembly (127ms)
		ExecutionOrderSort (0ms)
		DisableScriptedObjects (5ms)
		BackupInstance (0ms)
		ReleaseScriptingObjects (0ms)
		CreateAndSetChildDomain (21ms)
	RebuildCommonClasses (33ms)
	RebuildNativeTypeToScriptingClass (8ms)
	initialDomainReloadingComplete (23ms)
	LoadAllAssembliesAndSetupDomain (5ms)
		LoadAssemblies (65ms)
		RebuildTransferFunctionScriptingTraits (0ms)
		AnalyzeDomain (4ms)
			TypeCache.Refresh (3ms)
				TypeCache.ScanAssembly (0ms)
			ScanForSourceGeneratedMonoScriptInfo (0ms)
			ResolveRequiredComponents (0ms)
	FinalizeReload (328ms)
		ReleaseScriptCaches (0ms)
		RebuildScriptCaches (0ms)
		SetupLoadedEditorAssemblies (193ms)
			LogAssemblyErrors (0ms)
			InitializePlatformSupportModulesInManaged (8ms)
			SetLoadedEditorAssemblies (6ms)
			RefreshPlugins (0ms)
			BeforeProcessingInitializeOnLoad (24ms)
			ProcessInitializeOnLoadAttributes (125ms)
			ProcessInitializeOnLoadMethodAttributes (24ms)
			AfterProcessingInitializeOnLoad (5ms)
			EditorAssembliesLoaded (0ms)
		ExecutionOrderSort2 (0ms)
		AwakeInstancesAfterBackupRestoration (4ms)
Launched and connected shader compiler UnityShaderCompiler after 0.01 seconds
Refreshing native plugins compatible for Editor in 0.00 ms, found 0 plugins.
Preloading 0 native plugins for Editor in 0.00 ms.
Unloading 24 Unused Serialized files (Serialized files now loaded: 0)
Unloading 3 unused Assets / (39.4 KB). Loaded Objects now: 495.
Memory consumption went from 47.8 MB to 47.8 MB.
Total: 2.598704 ms (FindLiveObjects: 0.027846 ms CreateObjectMapping: 0.002534 ms MarkObjects: 2.469556 ms  DeleteObjects: 0.098068 ms)

AssetImportParameters requested are different than current active one (requested -> active):
  custom:video-decoder-ogg-theora: a1e56fd34408186e4bbccfd4996cb3dc -> 
  custom:container-muxer-webm: aa71ff27fc2769a1b78a27578f13a17b -> 
  custom:container-demuxer-webm: 4f35f7cbe854078d1ac9338744f61a02 -> 
  custom:video-encoder-webm-vp8: eb34c28f22e8b96e1ab97ce403110664 -> 
  custom:audio-encoder-webm-vorbis: bf7c407c2cedff20999df2af8eb42d56 -> 
  custom:container-demuxer-ogg: 62fdf1f143b41e24485cea50d1cbac27 -> 
  custom:video-decoder-webm-vp8: 9c59270c3fd7afecdb556c50c9e8de78 -> 
  custom:audio-decoder-ogg-vorbis: bf7c407c2cedff20999df2af8eb42d56 -> 
  custom:AudioImporter_EditorPlatform: 2f0ff77a95e0ac474e3e8eeba4e2f7cb -> 
========================================================================
Received Import Request.
  Time since last request: 3662.858141 seconds.
  path: Assets/Interface/Botao_Amarelo04.png
  artifactKey: Guid(af7ad5132b361a8478127ae777fcb451) Importer(815301076,1909f56bfc062723c751e8b465ee728b)
Start importing Assets/Interface/Botao_Amarelo04.png using Guid(af7ad5132b361a8478127ae777fcb451) Importer(815301076,1909f56bfc062723c751e8b465ee728b)  -> (artifact id: '50428a654900c920823c8de355abfa4a') in 0.059375 seconds
Number of updated asset objects reloaded before import = 0
Number of asset objects unloaded after import = 2
========================================================================
Received Import Request.
  Time since last request: 0.000010 seconds.
  path: Assets/Interface/Botao_Azul03.png
  artifactKey: Guid(fa0a9740cccaa354983b2bce93049a2b) Importer(815301076,1909f56bfc062723c751e8b465ee728b)
Start importing Assets/Interface/Botao_Azul03.png using Guid(fa0a9740cccaa354983b2bce93049a2b) Importer(815301076,1909f56bfc062723c751e8b465ee728b)  -> (artifact id: '2422de8d3177cfccb1258ab22c78d890') in 0.019253 seconds
Number of updated asset objects reloaded before import = 0
Number of asset objects unloaded after import = 2
========================================================================
Received Import Request.
  Time since last request: 0.423265 seconds.
  path: Assets/Interface/Botao_Verde01.png
  artifactKey: Guid(aad5881e897306049880b04571babf3f) Importer(815301076,1909f56bfc062723c751e8b465ee728b)
Start importing Assets/Interface/Botao_Verde01.png using Guid(aad5881e897306049880b04571babf3f) Importer(815301076,1909f56bfc062723c751e8b465ee728b)  -> (artifact id: '2a79a73cfccc3e09e7ec57070fbc4cff') in 0.050356 seconds
Number of updated asset objects reloaded before import = 0
Number of asset objects unloaded after import = 3
========================================================================
Received Import Request.
  Time since last request: 1.343510 seconds.
  path: Assets/Interface/Botao_Verde02.png
  artifactKey: Guid(7d2b6cd693206e9498c6e1e120d10fa2) Importer(815301076,1909f56bfc062723c751e8b465ee728b)
Start importing Assets/Interface/Botao_Verde02.png using Guid(7d2b6cd693206e9498c6e1e120d10fa2) Importer(815301076,1909f56bfc062723c751e8b465ee728b)  -> (artifact id: '9c9c6faa56c849bde83ce628fd5135c7') in 0.015830 seconds
Number of updated asset objects reloaded before import = 0
Number of asset objects unloaded after import = 2
========================================================================
Received Import Request.
  Time since last request: 1.679885 seconds.
  path: Assets/Interface/Botao_Verde03.png
  artifactKey: Guid(f093506d1d86eb14da11df5f63f34297) Importer(815301076,1909f56bfc062723c751e8b465ee728b)
Start importing Assets/Interface/Botao_Verde03.png using Guid(f093506d1d86eb14da11df5f63f34297) Importer(815301076,1909f56bfc062723c751e8b465ee728b)  -> (artifact id: 'b916694f706f2e4bb7e7c184a79b5b9b') in 0.015885 seconds
Number of updated asset objects reloaded before import = 0
Number of asset objects unloaded after import = 2
========================================================================
Received Import Request.
  Time since last request: 0.876821 seconds.
  path: Assets/Interface/Botao_Verde04.png
  artifactKey: Guid(57f1fa12ea558bb4b8ca1e4ce325bbdc) Importer(815301076,1909f56bfc062723c751e8b465ee728b)
Start importing Assets/Interface/Botao_Verde04.png using Guid(57f1fa12ea558bb4b8ca1e4ce325bbdc) Importer(815301076,1909f56bfc062723c751e8b465ee728b)  -> (artifact id: '6f2f11b7894710b823cddc90c3abadd7') in 0.011966 seconds
Number of updated asset objects reloaded before import = 0
Number of asset objects unloaded after import = 3
========================================================================
Received Import Request.
  Time since last request: 2.220795 seconds.
  path: Assets/Interface/Fonte.ttf
  artifactKey: Guid(648dddc799b45a4488d7af83e1296c11) Importer(815301076,1909f56bfc062723c751e8b465ee728b)
Start importing Assets/Interface/Fonte.ttf using Guid(648dddc799b45a4488d7af83e1296c11) Importer(815301076,1909f56bfc062723c751e8b465ee728b)  -> (artifact id: '4707017bec9bc02520641cb9f43fb1f6') in 0.046004 seconds
Number of updated asset objects reloaded before import = 0
Number of asset objects unloaded after import = 4
========================================================================
Received Import Request.
  Time since last request: 0.631250 seconds.
  path: Assets/Interface/Mira.png
  artifactKey: Guid(53ec8ac023aa16f48b373c7d8222f03c) Importer(815301076,1909f56bfc062723c751e8b465ee728b)
Start importing Assets/Interface/Mira.png using Guid(53ec8ac023aa16f48b373c7d8222f03c) Importer(815301076,1909f56bfc062723c751e8b465ee728b)  -> (artifact id: '40007d38cef87d17010cd731e9d37b8b') in 0.010570 seconds
Number of updated asset objects reloaded before import = 0
Number of asset objects unloaded after import = 1
========================================================================
Received Import Request.
  Time since last request: 3.248529 seconds.
  path: Assets/Interface/Caveira.png
  artifactKey: Guid(ab7d33fc713b2eb459431791b8e44944) Importer(815301076,1909f56bfc062723c751e8b465ee728b)
Start importing Assets/Interface/Caveira.png using Guid(ab7d33fc713b2eb459431791b8e44944) Importer(815301076,1909f56bfc062723c751e8b465ee728b)  -> (artifact id: '8e6d7c74d74eeb81d36cd9f80e54677e') in 0.012765 seconds
Number of updated asset objects reloaded before import = 0
Number of asset objects unloaded after import = 3
========================================================================
Received Import Request.
  Time since last request: 13.703623 seconds.
  path: Assets/Animacoes
  artifactKey: Guid(798041b3b37337e47969369b0b5b5e40) Importer(815301076,1909f56bfc062723c751e8b465ee728b)
Start importing Assets/Animacoes using Guid(798041b3b37337e47969369b0b5b5e40) Importer(815301076,1909f56bfc062723c751e8b465ee728b)  -> (artifact id: '35019a8b1b39659e99433a5f0a2b8a06') in 0.000541 seconds
Number of updated asset objects reloaded before import = 0
Number of asset objects unloaded after import = 0
========================================================================
Received Import Request.
  Time since last request: 12.077626 seconds.
  path: Assets/Scripts
  artifactKey: Guid(d95d6a317f1a2bb499415c53a2af5a93) Importer(815301076,1909f56bfc062723c751e8b465ee728b)
Start importing Assets/Scripts using Guid(d95d6a317f1a2bb499415c53a2af5a93) Importer(815301076,1909f56bfc062723c751e8b465ee728b)  -> (artifact id: 'cbf6933fd88af825a74115034f073c12') in 0.000752 seconds
Number of updated asset objects reloaded before import = 0
Number of asset objects unloaded after import = 0
========================================================================
Received Import Request.
  Time since last request: 3.333928 seconds.
  path: Assets/Scripts/ControlaCamera.cs
  artifactKey: Guid(0a42b480249273a4b801286a1b1ca922) Importer(815301076,1909f56bfc062723c751e8b465ee728b)
Start importing Assets/Scripts/ControlaCamera.cs using Guid(0a42b480249273a4b801286a1b1ca922) Importer(815301076,1909f56bfc062723c751e8b465ee728b)  -> (artifact id: '7abb5148d3ca95408504edbbbd3b17de') in 0.000340 seconds
Number of updated asset objects reloaded before import = 0
Number of asset objects unloaded after import = 0
========================================================================
Received Import Request.
  Time since last request: 0.918875 seconds.
  path: Assets/Scripts/ControlaAudio.cs
  artifactKey: Guid(747569e02fc32b4499db3bbfcdc967a0) Importer(815301076,1909f56bfc062723c751e8b465ee728b)
Start importing Assets/Scripts/ControlaAudio.cs using Guid(747569e02fc32b4499db3bbfcdc967a0) Importer(815301076,1909f56bfc062723c751e8b465ee728b)  -> (artifact id: 'a95e7c815f2a222571d8d23a1f21383e') in 0.000426 seconds
Number of updated asset objects reloaded before import = 0
Number of asset objects unloaded after import = 0
========================================================================
Received Prepare
Refreshing native plugins compatible for Editor in 0.00 ms, found 0 plugins.
Preloading 0 native plugins for Editor in 0.00 ms.
Unloading 0 Unused Serialized files (Serialized files now loaded: 0)
Unloading 1 unused Assets / (0.8 KB). Loaded Objects now: 548.
Memory consumption went from 49.2 MB to 49.2 MB.
Total: 4.192078 ms (FindLiveObjects: 0.041027 ms CreateObjectMapping: 0.003746 ms MarkObjects: 4.103198 ms  DeleteObjects: 0.043353 ms)

Prepare: number of updated asset objects reloaded= 0
AssetImportParameters requested are different than current active one (requested -> active):
  custom:video-decoder-ogg-theora: a1e56fd34408186e4bbccfd4996cb3dc -> 
  custom:container-muxer-webm: aa71ff27fc2769a1b78a27578f13a17b -> 
  custom:container-demuxer-webm: 4f35f7cbe854078d1ac9338744f61a02 -> 
  custom:video-encoder-webm-vp8: eb34c28f22e8b96e1ab97ce403110664 -> 
  custom:CustomObjectIndexerAttribute: 306bfa6df2d96854e1ebb52f3ddacab7 -> 
  custom:audio-encoder-webm-vorbis: bf7c407c2cedff20999df2af8eb42d56 -> 
  custom:SearchIndexIgnoredProperties: e643bd26f0fe6173181afceb89e7c659 -> 
  custom:container-demuxer-ogg: 62fdf1f143b41e24485cea50d1cbac27 -> 
  custom:video-decoder-webm-vp8: 9c59270c3fd7afecdb556c50c9e8de78 -> 
  custom:audio-decoder-ogg-vorbis: bf7c407c2cedff20999df2af8eb42d56 -> 
  custom:AudioImporter_EditorPlatform: 2f0ff77a95e0ac474e3e8eeba4e2f7cb -> 
========================================================================
Received Import Request.
  Time since last request: 83.388813 seconds.
  path: Assets/Scripts/ControlaInimigo.cs
  artifactKey: Guid(59eabf864c8a857479298ebeae16c339) Importer(815301076,1909f56bfc062723c751e8b465ee728b)
Start importing Assets/Scripts/ControlaInimigo.cs using Guid(59eabf864c8a857479298ebeae16c339) Importer(815301076,1909f56bfc062723c751e8b465ee728b)  -> (artifact id: '51b3efbf9776cc8a65ae3c96ffffd064') in 0.000833 seconds
Number of updated asset objects reloaded before import = 0
Number of asset objects unloaded after import = 0
========================================================================
Received Import Request.
  Time since last request: 0.745413 seconds.
  path: Assets/Scripts/ControlaJogador.cs
  artifactKey: Guid(7e845a02ca95e5748b3310986a47c5a8) Importer(815301076,1909f56bfc062723c751e8b465ee728b)
Start importing Assets/Scripts/ControlaJogador.cs using Guid(7e845a02ca95e5748b3310986a47c5a8) Importer(815301076,1909f56bfc062723c751e8b465ee728b)  -> (artifact id: 'dba1f79f3bc21b1719d9ee493bfa2266') in 0.000580 seconds
Number of updated asset objects reloaded before import = 0
Number of asset objects unloaded after import = 0
========================================================================
Received Import Request.
  Time since last request: 19.163310 seconds.
  path: Assets/Scripts/Status.cs
  artifactKey: Guid(26899c8c198bfcd46a8357330ef1e3d4) Importer(815301076,1909f56bfc062723c751e8b465ee728b)
Start importing Assets/Scripts/Status.cs using Guid(26899c8c198bfcd46a8357330ef1e3d4) Importer(815301076,1909f56bfc062723c751e8b465ee728b)  -> (artifact id: '88eac4a04d8b24021b089ef7803f3aa7') in 0.000370 seconds
Number of updated asset objects reloaded before import = 0
Number of asset objects unloaded after import = 0
========================================================================
Received Import Request.
  Time since last request: 6.355619 seconds.
  path: Assets/Scripts/KitMedico.cs
  artifactKey: Guid(3c0e33e201c8843488d22397dd70b5c9) Importer(815301076,1909f56bfc062723c751e8b465ee728b)
Start importing Assets/Scripts/KitMedico.cs using Guid(3c0e33e201c8843488d22397dd70b5c9) Importer(815301076,1909f56bfc062723c751e8b465ee728b)  -> (artifact id: 'f98294923edcb451fcec2782d7327c12') in 0.000587 seconds
Number of updated asset objects reloaded before import = 0
Number of asset objects unloaded after import = 0
========================================================================
Received Import Request.
  Time since last request: 1.793733 seconds.
  path: Assets/Scripts/GeradorZumbis.cs
  artifactKey: Guid(4dfa634291867a2498af414c639579d3) Importer(815301076,1909f56bfc062723c751e8b465ee728b)
Start importing Assets/Scripts/GeradorZumbis.cs using Guid(4dfa634291867a2498af414c639579d3) Importer(815301076,1909f56bfc062723c751e8b465ee728b)  -> (artifact id: '8570e684a83962cda1d1fdf9cccdc53f') in 0.000549 seconds
Number of updated asset objects reloaded before import = 0
Number of asset objects unloaded after import = 0
========================================================================
Received Import Request.
  Time since last request: 0.432042 seconds.
  path: Assets/Scripts/ICuravel.cs
  artifactKey: Guid(46414562bdefd224496666a7aa225a86) Importer(815301076,1909f56bfc062723c751e8b465ee728b)
Start importing Assets/Scripts/ICuravel.cs using Guid(46414562bdefd224496666a7aa225a86) Importer(815301076,1909f56bfc062723c751e8b465ee728b)  -> (artifact id: 'ce06a2041b086ec3547242fe3b32db98') in 0.000552 seconds
Number of updated asset objects reloaded before import = 0
Number of asset objects unloaded after import = 0
========================================================================
Received Import Request.
  Time since last request: 27.720260 seconds.
  path: Assets/Prefabs/Personagens
  artifactKey: Guid(e79aa1837c2c84becb8a5354f8d14f1a) Importer(815301076,1909f56bfc062723c751e8b465ee728b)
Start importing Assets/Prefabs/Personagens using Guid(e79aa1837c2c84becb8a5354f8d14f1a) Importer(815301076,1909f56bfc062723c751e8b465ee728b)  -> (artifact id: '4200c392379c4843e1ff60a82fa0c816') in 0.000562 seconds
Number of updated asset objects reloaded before import = 0
Number of asset objects unloaded after import = 0
========================================================================
Received Import Request.
  Time since last request: 4.109901 seconds.
  path: Assets/Prefabs/GeradorZumbis.prefab
  artifactKey: Guid(6bc057c9c31344144820fa28af2133b0) Importer(815301076,1909f56bfc062723c751e8b465ee728b)
Start importing Assets/Prefabs/GeradorZumbis.prefab using Guid(6bc057c9c31344144820fa28af2133b0) Importer(815301076,1909f56bfc062723c751e8b465ee728b)  -> (artifact id: 'fcce492dba8abb8948b0f90268a17a18') in 0.019372 seconds
Number of updated asset objects reloaded before import = 0
Number of asset objects unloaded after import = 5
========================================================================
Received Import Request.
  Time since last request: 2.877566 seconds.
  path: Assets/Prefabs/Bala.prefab
  artifactKey: Guid(4771099cc18cb6146b3ba07b97b26e9c) Importer(815301076,1909f56bfc062723c751e8b465ee728b)
Start importing Assets/Prefabs/Bala.prefab using Guid(4771099cc18cb6146b3ba07b97b26e9c) Importer(815301076,1909f56bfc062723c751e8b465ee728b)  -> (artifact id: '0a96a9ccefb36c1ff03b21cff82e69e4') in 0.033777 seconds
Number of updated asset objects reloaded before import = 0
Number of asset objects unloaded after import = 10
========================================================================
Received Import Request.
  Time since last request: 5.447484 seconds.
  path: Assets/Prefabs/Veiculos
  artifactKey: Guid(f4a50dc090d414b1e98d2054c2f171ab) Importer(815301076,1909f56bfc062723c751e8b465ee728b)
Start importing Assets/Prefabs/Veiculos using Guid(f4a50dc090d414b1e98d2054c2f171ab) Importer(815301076,1909f56bfc062723c751e8b465ee728b)  -> (artifact id: 'e4a0ffe2209608961650d5ac70278dc8') in 0.000552 seconds
Number of updated asset objects reloaded before import = 0
Number of asset objects unloaded after import = 0
========================================================================
Received Import Request.
  Time since last request: 1.264836 seconds.
  path: Assets/Prefabs/Ambiente
  artifactKey: Guid(d6ce329bdc3dc40469f1fb1d920f6c3a) Importer(815301076,1909f56bfc062723c751e8b465ee728b)
Start importing Assets/Prefabs/Ambiente using Guid(d6ce329bdc3dc40469f1fb1d920f6c3a) Importer(815301076,1909f56bfc062723c751e8b465ee728b)  -> (artifact id: '3f402550d49f9550dde924f62f9ff130') in 0.000342 seconds
Number of updated asset objects reloaded before import = 0
Number of asset objects unloaded after import = 0
========================================================================
Received Import Request.
  Time since last request: 0.482752 seconds.
  path: Assets/Prefabs/Aderecos
  artifactKey: Guid(9424a16026dce4bbfb5433656189510c) Importer(815301076,1909f56bfc062723c751e8b465ee728b)
Start importing Assets/Prefabs/Aderecos using Guid(9424a16026dce4bbfb5433656189510c) Importer(815301076,1909f56bfc062723c751e8b465ee728b)  -> (artifact id: 'f85a78e17f979b1b70625a2adc493a22') in 0.000457 seconds
Number of updated asset objects reloaded before import = 0
Number of asset objects unloaded after import = 0
========================================================================
Received Import Request.
  Time since last request: 8.053734 seconds.
  path: Assets/Prefabs/Personagens/Personagens.prefab
  artifactKey: Guid(4b3bb44effa49480d8d18049684cc33a) Importer(815301076,1909f56bfc062723c751e8b465ee728b)
Start importing Assets/Prefabs/Personagens/Personagens.prefab using Guid(4b3bb44effa49480d8d18049684cc33a) Importer(815301076,1909f56bfc062723c751e8b465ee728b)  -> (artifact id: '7ae2bcbee3861476e8f9530822b4b7b9') in 0.093639 seconds
Number of updated asset objects reloaded before import = 0
Number of asset objects unloaded after import = 224
========================================================================
Received Import Request.
  Time since last request: 9.213058 seconds.
  path: Assets/Prefabs/Personagens/Zumbi.prefab
  artifactKey: Guid(35861510587b7489780fe86970823679) Importer(815301076,1909f56bfc062723c751e8b465ee728b)
Start importing Assets/Prefabs/Personagens/Zumbi.prefab using Guid(35861510587b7489780fe86970823679) Importer(815301076,1909f56bfc062723c751e8b465ee728b)  -> (artifact id: '1bbf988d4daa1713d7831cc9e3c303a0') in 0.015715 seconds
Number of updated asset objects reloaded before import = 0
Number of asset objects unloaded after import = 151
========================================================================
Received Import Request.
  Time since last request: 16.358754 seconds.
  path: Assets/Prefabs/Personagens/ChefeDeFase.prefab
  artifactKey: Guid(cce5123bcfa01754bb7909f5bb14ef9f) Importer(815301076,1909f56bfc062723c751e8b465ee728b)
Start importing Assets/Prefabs/Personagens/ChefeDeFase.prefab using Guid(cce5123bcfa01754bb7909f5bb14ef9f) Importer(815301076,1909f56bfc062723c751e8b465ee728b)  -> (artifact id: '90bc556ac0038516c7e9725f91d5006f') in 0.018145 seconds
Number of updated asset objects reloaded before import = 0
Number of asset objects unloaded after import = 79
========================================================================
Received Import Request.
  Time since last request: 93.207499 seconds.
  path: Assets/ControlaPersonagem.cs
  artifactKey: Guid(946607062854986769c2aa08c9f16c2e) Importer(815301076,1909f56bfc062723c751e8b465ee728b)
Start importing Assets/ControlaPersonagem.cs using Guid(946607062854986769c2aa08c9f16c2e) Importer(815301076,1909f56bfc062723c751e8b465ee728b)  -> (artifact id: '78cb24a563d49c23c9a427c611f8be8e') in 0.000438 seconds
Number of updated asset objects reloaded before import = 0
Number of asset objects unloaded after import = 0
========================================================================
Received Import Request.
  Time since last request: 83.015801 seconds.
  path: Assets/Scripts/ControlaArma.cs
  artifactKey: Guid(d9dab9364d19d0f47af0d0f3f697db6d) Importer(815301076,1909f56bfc062723c751e8b465ee728b)
Start importing Assets/Scripts/ControlaArma.cs using Guid(d9dab9364d19d0f47af0d0f3f697db6d) Importer(815301076,1909f56bfc062723c751e8b465ee728b)  -> (artifact id: 'bb7d352d7bb5ad0b3e690288f7e88066') in 0.000384 seconds
Number of updated asset objects reloaded before import = 0
Number of asset objects unloaded after import = 0
========================================================================
Received Import Request.
  Time since last request: 510.282744 seconds.
  path: Assets/ControlaJogador.cs
  artifactKey: Guid(5053ae635115e7f3f80db798829151f1) Importer(815301076,1909f56bfc062723c751e8b465ee728b)
Start importing Assets/ControlaJogador.cs using Guid(5053ae635115e7f3f80db798829151f1) Importer(815301076,1909f56bfc062723c751e8b465ee728b)  -> (artifact id: 'dcc9f3d919c5717c62cdea97742ab0d7') in 0.000297 seconds
Number of updated asset objects reloaded before import = 0
Number of asset objects unloaded after import = 0
========================================================================
Received Import Request.
  Time since last request: 19.963708 seconds.
  path: Assets/PlayerController.cs
  artifactKey: Guid(5053ae635115e7f3f80db798829151f1) Importer(815301076,1909f56bfc062723c751e8b465ee728b)
Start importing Assets/PlayerController.cs using Guid(5053ae635115e7f3f80db798829151f1) Importer(815301076,1909f56bfc062723c751e8b465ee728b)  -> (artifact id: 'fe8aa01a14303728ae9a84520229532f') in 0.000344 seconds
Number of updated asset objects reloaded before import = 0
Number of asset objects unloaded after import = 0
========================================================================
Received Import Request.
  Time since last request: 122.599271 seconds.
  path: Assets/PlayerAnimation.cs
  artifactKey: Guid(bab79d880f0307bcdb9f3490f4741d13) Importer(815301076,1909f56bfc062723c751e8b465ee728b)
Start importing Assets/PlayerAnimation.cs using Guid(bab79d880f0307bcdb9f3490f4741d13) Importer(815301076,1909f56bfc062723c751e8b465ee728b)  -> (artifact id: 'e98a8e12e325eecff8ded5439ce714c6') in 0.000450 seconds
Number of updated asset objects reloaded before import = 0
Number of asset objects unloaded after import = 0
========================================================================
Received Import Request.
  Time since last request: 8.745516 seconds.
  path: Assets/Scripts/AnimacaoPersonagem.cs
  artifactKey: Guid(bd7a60e8bdd64334e862a18a5f4510eb) Importer(815301076,1909f56bfc062723c751e8b465ee728b)
Start importing Assets/Scripts/AnimacaoPersonagem.cs using Guid(bd7a60e8bdd64334e862a18a5f4510eb) Importer(815301076,1909f56bfc062723c751e8b465ee728b)  -> (artifact id: 'b51e922afaa9829294918132030d866c') in 0.000409 seconds
Number of updated asset objects reloaded before import = 0
Number of asset objects unloaded after import = 0
========================================================================
Received Import Request.
  Time since last request: 68.739286 seconds.
  path: Assets/PlayerController.cs
  artifactKey: Guid(5053ae635115e7f3f80db798829151f1) Importer(815301076,1909f56bfc062723c751e8b465ee728b)
Start importing Assets/PlayerController.cs using Guid(5053ae635115e7f3f80db798829151f1) Importer(815301076,1909f56bfc062723c751e8b465ee728b)  -> (artifact id: '958936f8eb474b32997e3d2722bce3a3') in 0.000581 seconds
Number of updated asset objects reloaded before import = 0
Number of asset objects unloaded after import = 0
========================================================================
Received Import Request.
  Time since last request: 169.990301 seconds.
  path: Assets/Scripts/MovimentoPersonagem.cs
  artifactKey: Guid(7970cbd945e60fb47bdc585255649c5e) Importer(815301076,1909f56bfc062723c751e8b465ee728b)
Start importing Assets/Scripts/MovimentoPersonagem.cs using Guid(7970cbd945e60fb47bdc585255649c5e) Importer(815301076,1909f56bfc062723c751e8b465ee728b)  -> (artifact id: '60922c7b2d02901102c3622cd2803779') in 0.000389 seconds
Number of updated asset objects reloaded before import = 0
Number of asset objects unloaded after import = 0
========================================================================
Received Import Request.
  Time since last request: 0.790745 seconds.
  path: Assets/Scripts/MovimentoJogador.cs
  artifactKey: Guid(123ba307a469ead4abbb7c73290738ec) Importer(815301076,1909f56bfc062723c751e8b465ee728b)
Start importing Assets/Scripts/MovimentoJogador.cs using Guid(123ba307a469ead4abbb7c73290738ec) Importer(815301076,1909f56bfc062723c751e8b465ee728b)  -> (artifact id: '803cf0337d523d7ed535a0ef55b8abc8') in 0.000364 seconds
Number of updated asset objects reloaded before import = 0
Number of asset objects unloaded after import = 0
========================================================================
Received Import Request.
  Time since last request: 4.306965 seconds.
  path: Assets/Scripts/ControlaChefe.cs
  artifactKey: Guid(452e56010d1589449beb51c7fe701135) Importer(815301076,1909f56bfc062723c751e8b465ee728b)
Start importing Assets/Scripts/ControlaChefe.cs using Guid(452e56010d1589449beb51c7fe701135) Importer(815301076,1909f56bfc062723c751e8b465ee728b)  -> (artifact id: '20c51dfebb03a75529001f61778d5dbe') in 0.000441 seconds
Number of updated asset objects reloaded before import = 0
Number of asset objects unloaded after import = 0
========================================================================
Received Import Request.
  Time since last request: 1.008228 seconds.
  path: Assets/Scripts/ControlaInterface.cs
  artifactKey: Guid(ed3204a26ec09df4ba98b5620e33791f) Importer(815301076,1909f56bfc062723c751e8b465ee728b)
Start importing Assets/Scripts/ControlaInterface.cs using Guid(ed3204a26ec09df4ba98b5620e33791f) Importer(815301076,1909f56bfc062723c751e8b465ee728b)  -> (artifact id: '0b91f561ca4602551e2700f1b4f6e686') in 0.000426 seconds
Number of updated asset objects reloaded before import = 0
Number of asset objects unloaded after import = 0
========================================================================
Received Import Request.
  Time since last request: 25.186564 seconds.
  path: Assets/ControlaJogador.cs
  artifactKey: Guid(4f39b9a275dfa814aa966055387d2b1c) Importer(815301076,1909f56bfc062723c751e8b465ee728b)
Start importing Assets/ControlaJogador.cs using Guid(4f39b9a275dfa814aa966055387d2b1c) Importer(815301076,1909f56bfc062723c751e8b465ee728b)  -> (artifact id: '5b2e34b483c93b6de1cf4000011dbd6e') in 0.000314 seconds
Number of updated asset objects reloaded before import = 0
Number of asset objects unloaded after import = 0
========================================================================
Received Import Request.
  Time since last request: 9.172036 seconds.
  path: Assets/ControlaJogador.cs
  artifactKey: Guid(4f39b9a275dfa814aa966055387d2b1c) Importer(815301076,1909f56bfc062723c751e8b465ee728b)
Start importing Assets/ControlaJogador.cs using Guid(4f39b9a275dfa814aa966055387d2b1c) Importer(815301076,1909f56bfc062723c751e8b465ee728b)  -> (artifact id: '42956c5a871292c8c083b97187f8a4de') in 0.000341 seconds
Number of updated asset objects reloaded before import = 0
Number of asset objects unloaded after import = 0
========================================================================
Received Import Request.
  Time since last request: 77.921173 seconds.
  path: Assets/ControlaArma.cs
  artifactKey: Guid(a2a68a7f7012a0d07a033114b809c6d0) Importer(815301076,1909f56bfc062723c751e8b465ee728b)
Start importing Assets/ControlaArma.cs using Guid(a2a68a7f7012a0d07a033114b809c6d0) Importer(815301076,1909f56bfc062723c751e8b465ee728b)  -> (artifact id: '9ed1df54d081db2d107f78206c9d16aa') in 0.000399 seconds
Number of updated asset objects reloaded before import = 0
Number of asset objects unloaded after import = 0
========================================================================
Received Import Request.
  Time since last request: 13.174006 seconds.
  path: Assets/ControlaArma.cs
  artifactKey: Guid(a2a68a7f7012a0d07a033114b809c6d0) Importer(815301076,1909f56bfc062723c751e8b465ee728b)
Start importing Assets/ControlaArma.cs using Guid(a2a68a7f7012a0d07a033114b809c6d0) Importer(815301076,1909f56bfc062723c751e8b465ee728b)  -> (artifact id: 'dffe2ab7c56a1466712e29688dbacd98') in 0.000462 seconds
Number of updated asset objects reloaded before import = 0
Number of asset objects unloaded after import = 0
========================================================================
Received Import Request.
  Time since last request: 343.839924 seconds.
  path: Assets/PlayerAnimation.cs
  artifactKey: Guid(bab79d880f0307bcdb9f3490f4741d13) Importer(815301076,1909f56bfc062723c751e8b465ee728b)
Start importing Assets/PlayerAnimation.cs using Guid(bab79d880f0307bcdb9f3490f4741d13) Importer(815301076,1909f56bfc062723c751e8b465ee728b)  -> (artifact id: '2615909ff5ec2c1731c55529603de4a8') in 0.000314 seconds
Number of updated asset objects reloaded before import = 0
Number of asset objects unloaded after import = 0
========================================================================
Received Import Request.
  Time since last request: 16.532121 seconds.
  path: Assets/game
  artifactKey: Guid(5b9180a27b7befc4eb36cdd699039f5f) Importer(815301076,1909f56bfc062723c751e8b465ee728b)
Start importing Assets/game using Guid(5b9180a27b7befc4eb36cdd699039f5f) Importer(815301076,1909f56bfc062723c751e8b465ee728b)  -> (artifact id: 'f9ce9a49b4047dc22dbb62995700b9dd') in 0.000354 seconds
Number of updated asset objects reloaded before import = 0
Number of asset objects unloaded after import = 0
========================================================================
Received Import Request.
  Time since last request: 1.466839 seconds.
  path: Assets/Modelos3D
  artifactKey: Guid(0daa03260beaa4700a0dfbc4c3927f04) Importer(815301076,1909f56bfc062723c751e8b465ee728b)
Start importing Assets/Modelos3D using Guid(0daa03260beaa4700a0dfbc4c3927f04) Importer(815301076,1909f56bfc062723c751e8b465ee728b)  -> (artifact id: '7f189ad7397bc038245506c9605430df') in 0.000485 seconds
Number of updated asset objects reloaded before import = 0
Number of asset objects unloaded after import = 0
========================================================================
Received Import Request.
  Time since last request: 1.557433 seconds.
  path: Assets/Modelos3D/Personagens
  artifactKey: Guid(b4d07940ff03649d4b62d20e9d89069d) Importer(815301076,1909f56bfc062723c751e8b465ee728b)
Start importing Assets/Modelos3D/Personagens using Guid(b4d07940ff03649d4b62d20e9d89069d) Importer(815301076,1909f56bfc062723c751e8b465ee728b)  -> (artifact id: 'dfddc4203ac6ed714a529229e7a0dedc') in 0.000479 seconds
Number of updated asset objects reloaded before import = 0
Number of asset objects unloaded after import = 0
========================================================================
Received Import Request.
  Time since last request: 1.123563 seconds.
  path: Assets/Modelos3D/Personagens/Personagens.fbx
  artifactKey: Guid(dbbc53a6bc8f5c64bb234194ce1380aa) Importer(815301076,1909f56bfc062723c751e8b465ee728b)
Start importing Assets/Modelos3D/Personagens/Personagens.fbx using Guid(dbbc53a6bc8f5c64bb234194ce1380aa) Importer(815301076,1909f56bfc062723c751e8b465ee728b)  -> (artifact id: '7461a1d46632b70c6e1da46047510ea2') in 0.362436 seconds
Number of updated asset objects reloaded before import = 0
Number of asset objects unloaded after import = 242
